# JRE version: OpenJDK Runtime Environment (8.0_202-b03) (build 1.8.0_202-release-1483-b03)
# Java VM: OpenJDK 64-Bit Server VM (25.202-b03 mixed mode windows-amd64 compressed oops)
Heap:
 PSYoungGen      total 70144K, used 20937K [0x00000000eab00000, 0x00000000ef900000, 0x0000000100000000)
  eden space 60928K, 25% used [0x00000000eab00000,0x00000000eba2ad78,0x00000000ee680000)
  from space 9216K, 58% used [0x00000000eef80000,0x00000000ef4c7930,0x00000000ef880000)
  to   space 9216K, 0% used [0x00000000ee680000,0x00000000ee680000,0x00000000eef80000)
 ParOldGen       total 56832K, used 30135K [0x00000000c0000000, 0x00000000c3780000, 0x00000000eab00000)
  object space 56832K, 53% used [0x00000000c0000000,0x00000000c1d6de88,0x00000000c3780000)
 Metaspace       used 55147K, capacity 57024K, committed 57344K, reserved 1099776K
  class space    used 7491K, capacity 7865K, committed 7936K, reserved 1048576K
GC Heap History (10 events):
Event: 41.812 GC heap before
{Heap before GC invocations=22 (full 2):
 PSYoungGen      total 40960K, used 36352K [0x00000000eab00000, 0x00000000ee080000, 0x0000000100000000)
  eden space 36352K, 100% used [0x00000000eab00000,0x00000000ece80000,0x00000000ece80000)
  from space 4608K, 0% used [0x00000000ece80000,0x00000000ece80000,0x00000000ed300000)
  to   space 4608K, 0% used [0x00000000edc00000,0x00000000edc00000,0x00000000ee080000)
 ParOldGen       total 56832K, used 16402K [0x00000000c0000000, 0x00000000c3780000, 0x00000000eab00000)
  object space 56832K, 28% used [0x00000000c0000000,0x00000000c10048e8,0x00000000c3780000)
 Metaspace       used 38258K, capacity 39428K, committed 39680K, reserved 1083392K
  class space    used 5269K, capacity 5539K, committed 5632K, reserved 1048576K
Event: 41.823 GC heap after
Heap after GC invocations=22 (full 2):
 PSYoungGen      total 48640K, used 4531K [0x00000000eab00000, 0x00000000ee080000, 0x0000000100000000)
  eden space 44032K, 0% used [0x00000000eab00000,0x00000000eab00000,0x00000000ed600000)
  from space 4608K, 98% used [0x00000000edc00000,0x00000000ee06cde0,0x00000000ee080000)
  to   space 5120K, 0% used [0x00000000ed680000,0x00000000ed680000,0x00000000edb80000)
 ParOldGen       total 56832K, used 16410K [0x00000000c0000000, 0x00000000c3780000, 0x00000000eab00000)
  object space 56832K, 28% used [0x00000000c0000000,0x00000000c10068e8,0x00000000c3780000)
 Metaspace       used 38258K, capacity 39428K, committed 39680K, reserved 1083392K
  class space    used 5269K, capacity 5539K, committed 5632K, reserved 1048576K
}
Event: 51.484 GC heap before
{Heap before GC invocations=23 (full 2):
 PSYoungGen      total 48640K, used 48563K [0x00000000eab00000, 0x00000000ee080000, 0x0000000100000000)
  eden space 44032K, 100% used [0x00000000eab00000,0x00000000ed600000,0x00000000ed600000)
  from space 4608K, 98% used [0x00000000edc00000,0x00000000ee06cde0,0x00000000ee080000)
  to   space 5120K, 0% used [0x00000000ed680000,0x00000000ed680000,0x00000000edb80000)
 ParOldGen       total 56832K, used 16410K [0x00000000c0000000, 0x00000000c3780000, 0x00000000eab00000)
  object space 56832K, 28% used [0x00000000c0000000,0x00000000c10068e8,0x00000000c3780000)
 Metaspace       used 43044K, capacity 44172K, committed 44288K, reserved 1087488K
  class space    used 5834K, capacity 6085K, committed 6144K, reserved 1048576K
Event: 51.509 GC heap after
Heap after GC invocations=23 (full 2):
 PSYoungGen      total 49664K, used 5115K [0x00000000eab00000, 0x00000000eec00000, 0x0000000100000000)
  eden space 44544K, 0% used [0x00000000eab00000,0x00000000eab00000,0x00000000ed680000)
  from space 5120K, 99% used [0x00000000ed680000,0x00000000edb7ec88,0x00000000edb80000)
  to   space 7168K, 0% used [0x00000000ee500000,0x00000000ee500000,0x00000000eec00000)
 ParOldGen       total 56832K, used 20617K [0x00000000c0000000, 0x00000000c3780000, 0x00000000eab00000)
  object space 56832K, 36% used [0x00000000c0000000,0x00000000c14226b8,0x00000000c3780000)
 Metaspace       used 43044K, capacity 44172K, committed 44288K, reserved 1087488K
  class space    used 5834K, capacity 6085K, committed 6144K, reserved 1048576K
}
Event: 54.434 GC heap before
{Heap before GC invocations=24 (full 2):
 PSYoungGen      total 49664K, used 49659K [0x00000000eab00000, 0x00000000eec00000, 0x0000000100000000)
  eden space 44544K, 100% used [0x00000000eab00000,0x00000000ed680000,0x00000000ed680000)
  from space 5120K, 99% used [0x00000000ed680000,0x00000000edb7ec88,0x00000000edb80000)
  to   space 7168K, 0% used [0x00000000ee500000,0x00000000ee500000,0x00000000eec00000)
 ParOldGen       total 56832K, used 20617K [0x00000000c0000000, 0x00000000c3780000, 0x00000000eab00000)
  object space 56832K, 36% used [0x00000000c0000000,0x00000000c14226b8,0x00000000c3780000)
 Metaspace       used 45884K, capacity 47150K, committed 47232K, reserved 1089536K
  class space    used 6193K, capacity 6469K, committed 6528K, reserved 1048576K
Event: 54.451 GC heap after
Heap after GC invocations=24 (full 2):
 PSYoungGen      total 58880K, used 5432K [0x00000000eab00000, 0x00000000eed80000, 0x0000000100000000)
  eden space 51712K, 0% used [0x00000000eab00000,0x00000000eab00000,0x00000000edd80000)
  from space 7168K, 75% used [0x00000000ee500000,0x00000000eea4e250,0x00000000eec00000)
  to   space 7680K, 0% used [0x00000000edd80000,0x00000000edd80000,0x00000000ee500000)
 ParOldGen       total 56832K, used 23505K [0x00000000c0000000, 0x00000000c3780000, 0x00000000eab00000)
  object space 56832K, 41% used [0x00000000c0000000,0x00000000c16f4690,0x00000000c3780000)
 Metaspace       used 45884K, capacity 47150K, committed 47232K, reserved 1089536K
  class space    used 6193K, capacity 6469K, committed 6528K, reserved 1048576K
}
Event: 57.253 GC heap before
{Heap before GC invocations=25 (full 2):
 PSYoungGen      total 58880K, used 57144K [0x00000000eab00000, 0x00000000eed80000, 0x0000000100000000)
  eden space 51712K, 100% used [0x00000000eab00000,0x00000000edd80000,0x00000000edd80000)
  from space 7168K, 75% used [0x00000000ee500000,0x00000000eea4e250,0x00000000eec00000)
  to   space 7680K, 0% used [0x00000000edd80000,0x00000000edd80000,0x00000000ee500000)
 ParOldGen       total 56832K, used 23505K [0x00000000c0000000, 0x00000000c3780000, 0x00000000eab00000)
  object space 56832K, 41% used [0x00000000c0000000,0x00000000c16f4690,0x00000000c3780000)
 Metaspace       used 50084K, capacity 51694K, committed 51968K, reserved 1093632K
  class space    used 6755K, capacity 7125K, committed 7168K, reserved 1048576K
Event: 57.270 GC heap after
Heap after GC invocations=25 (full 2):
 PSYoungGen      total 59392K, used 7664K [0x00000000eab00000, 0x00000000ef880000, 0x0000000100000000)
  eden space 51712K, 0% used [0x00000000eab00000,0x00000000eab00000,0x00000000edd80000)
  from space 7680K, 99% used [0x00000000edd80000,0x00000000ee4fc148,0x00000000ee500000)
  to   space 9216K, 0% used [0x00000000eef80000,0x00000000eef80000,0x00000000ef880000)
 ParOldGen       total 56832K, used 24581K [0x00000000c0000000, 0x00000000c3780000, 0x00000000eab00000)
  object space 56832K, 43% used [0x00000000c0000000,0x00000000c18015f8,0x00000000c3780000)
 Metaspace       used 50084K, capacity 51694K, committed 51968K, reserved 1093632K
  class space    used 6755K, capacity 7125K, committed 7168K, reserved 1048576K
}
Event: 60.916 GC heap before
{Heap before GC invocations=26 (full 2):
 PSYoungGen      total 59392K, used 59376K [0x00000000eab00000, 0x00000000ef880000, 0x0000000100000000)
  eden space 51712K, 100% used [0x00000000eab00000,0x00000000edd80000,0x00000000edd80000)
  from space 7680K, 99% used [0x00000000edd80000,0x00000000ee4fc148,0x00000000ee500000)
  to   space 9216K, 0% used [0x00000000eef80000,0x00000000eef80000,0x00000000ef880000)
 ParOldGen       total 56832K, used 24581K [0x00000000c0000000, 0x00000000c3780000, 0x00000000eab00000)
  object space 56832K, 43% used [0x00000000c0000000,0x00000000c18015f8,0x00000000c3780000)
 Metaspace       used 54311K, capacity 56030K, committed 56192K, reserved 1097728K
  class space    used 7366K, capacity 7744K, committed 7808K, reserved 1048576K
Event: 60.943 GC heap after
Heap after GC invocations=26 (full 2):
 PSYoungGen      total 70144K, used 5406K [0x00000000eab00000, 0x00000000ef900000, 0x0000000100000000)
  eden space 60928K, 0% used [0x00000000eab00000,0x00000000eab00000,0x00000000ee680000)
  from space 9216K, 58% used [0x00000000eef80000,0x00000000ef4c7930,0x00000000ef880000)
  to   space 9216K, 0% used [0x00000000ee680000,0x00000000ee680000,0x00000000eef80000)
 ParOldGen       total 56832K, used 30135K [0x00000000c0000000, 0x00000000c3780000, 0x00000000eab00000)
  object space 56832K, 53% used [0x00000000c0000000,0x00000000c1d6de88,0x00000000c3780000)
 Metaspace       used 54311K, capacity 56030K, committed 56192K, reserved 1097728K
  class space    used 7366K, capacity 7744K, committed 7808K, reserved 1048576K
}

